<?xml version="1.0" encoding="UTF-8"?>
<testng-results skipped="0" failed="0" total="1" passed="1">
  <reporter-output>
  </reporter-output>
  <suite name="Default suite" duration-ms="24482" started-at="2018-03-20T02:08:47Z" finished-at="2018-03-20T02:09:12Z">
    <groups>
    </groups>
    <test name="Default test" duration-ms="24482" started-at="2018-03-20T02:08:47Z" finished-at="2018-03-20T02:09:12Z">
      <class name="com.POM.NewToursHomePageTesting">
        <test-method status="PASS" signature="HomePageTesting()[pri:0, instance:com.POM.NewToursHomePageTesting@6d78f375]" name="HomePageTesting" duration-ms="24453" started-at="2018-03-19T22:08:47Z" finished-at="2018-03-19T22:09:12Z">
          <reporter-output>
          </reporter-output>
        </test-method> <!-- HomePageTesting -->
      </class> <!-- com.POM.NewToursHomePageTesting -->
    </test> <!-- Default test -->
  </suite> <!-- Default suite -->
</testng-results>
